  [1m[35m (5.1ms)[0m  [1m[34mSELECT sqlite_version(*)[0m
  [1m[35m (4.6ms)[0m  [1m[35mCREATE TABLE "schema_migrations" ("version" varchar NOT NULL PRIMARY KEY)[0m
  [1m[35m (3.3ms)[0m  [1m[35mCREATE TABLE "ar_internal_metadata" ("key" varchar NOT NULL PRIMARY KEY, "value" varchar, "created_at" datetime(6) NOT NULL, "updated_at" datetime(6) NOT NULL)[0m
  [1m[35m (0.6ms)[0m  [1m[34mSELECT "schema_migrations"."version" FROM "schema_migrations" ORDER BY "schema_migrations"."version" ASC[0m
Migrating to CreateUsers (20210408125640)
  [1m[36mTRANSACTION (0.2ms)[0m  [1m[36mbegin transaction[0m
  [1m[35m (0.7ms)[0m  [1m[35mCREATE TABLE "users" ("id" integer PRIMARY KEY AUTOINCREMENT NOT NULL, "username" varchar, "email" varchar, "password" varchar, "created_at" datetime(6) NOT NULL, "updated_at" datetime(6) NOT NULL)[0m
  [1m[36mActiveRecord::SchemaMigration Create (0.2ms)[0m  [1m[32mINSERT INTO "schema_migrations" ("version") VALUES (?)[0m  [["version", "20210408125640"]]
  [1m[36mTRANSACTION (3.1ms)[0m  [1m[36mcommit transaction[0m
  [1m[36mActiveRecord::InternalMetadata Load (0.6ms)[0m  [1m[34mSELECT "ar_internal_metadata".* FROM "ar_internal_metadata" WHERE "ar_internal_metadata"."key" = ? LIMIT ?[0m  [["key", "environment"], ["LIMIT", 1]]
  [1m[36mTRANSACTION (0.5ms)[0m  [1m[36mbegin transaction[0m
  [1m[36mActiveRecord::InternalMetadata Create (1.3ms)[0m  [1m[32mINSERT INTO "ar_internal_metadata" ("key", "value", "created_at", "updated_at") VALUES (?, ?, ?, ?)[0m  [["key", "environment"], ["value", "development"], ["created_at", "2021-04-08 12:56:50.931305"], ["updated_at", "2021-04-08 12:56:50.931305"]]
  [1m[36mTRANSACTION (2.8ms)[0m  [1m[36mcommit transaction[0m
  [1m[35m (0.2ms)[0m  [1m[34mSELECT sqlite_version(*)[0m
  [1m[35m (0.5ms)[0m  [1m[34mSELECT "schema_migrations"."version" FROM "schema_migrations" ORDER BY "schema_migrations"."version" ASC[0m
Started GET "/" for 127.0.0.1 at 2021-04-08 16:08:33 +0300
  [1m[35m (1.5ms)[0m  [1m[34mSELECT sqlite_version(*)[0m
  [1m[35m (1.1ms)[0m  [1m[34mSELECT "schema_migrations"."version" FROM "schema_migrations" ORDER BY "schema_migrations"."version" ASC[0m
Processing by Rails::WelcomeController#index as HTML
  Rendering /usr/local/lib/ruby/gems/3.0.0/gems/railties-6.1.3.1/lib/rails/templates/rails/welcome/index.html.erb
  Rendered /usr/local/lib/ruby/gems/3.0.0/gems/railties-6.1.3.1/lib/rails/templates/rails/welcome/index.html.erb (Duration: 13.1ms | Allocations: 519)
Completed 200 OK in 49ms (Views: 21.2ms | ActiveRecord: 0.0ms | Allocations: 4193)


Started GET "/" for 127.0.0.1 at 2021-04-08 16:08:33 +0300
Processing by Rails::WelcomeController#index as HTML
  Rendering /usr/local/lib/ruby/gems/3.0.0/gems/railties-6.1.3.1/lib/rails/templates/rails/welcome/index.html.erb
  Rendered /usr/local/lib/ruby/gems/3.0.0/gems/railties-6.1.3.1/lib/rails/templates/rails/welcome/index.html.erb (Duration: 17.2ms | Allocations: 220)
Completed 200 OK in 32ms (Views: 24.4ms | ActiveRecord: 0.0ms | Allocations: 954)


Started GET "/new" for 127.0.0.1 at 2021-04-08 16:08:53 +0300
  
ActionController::RoutingError (No route matches [GET] "/new"):
  
Started GET "/users" for 127.0.0.1 at 2021-04-08 16:08:58 +0300
  
ActionController::RoutingError (No route matches [GET] "/users"):
  
Started GET "/users/new" for 127.0.0.1 at 2021-04-08 16:09:40 +0300
Processing by UsersController#new as HTML
  Rendering layout layouts/application.html.erb
  Rendering users/new.html.erb within layouts/application
  Rendered users/new.html.erb within layouts/application (Duration: 1.5ms | Allocations: 105)
[Webpacker] Compiling...
[Webpacker] Compiled all packs in /home/mert/Desktop/Project-Bare-Metal-Forms-Rails/public/packs
[Webpacker] Hash: ce14c115e350524bb5a9
Version: webpack 4.46.0
Time: 4807ms
Built at: 04/08/2021 4:09:49 PM
                                     Asset       Size       Chunks                         Chunk Names
    js/application-b43fa54005da8e229d8c.js    125 KiB  application  [emitted] [immutable]  application
js/application-b43fa54005da8e229d8c.js.map    139 KiB  application  [emitted] [dev]        application
                             manifest.json  364 bytes               [emitted]              
Entrypoint application = js/application-b43fa54005da8e229d8c.js js/application-b43fa54005da8e229d8c.js.map
[./app/javascript/channels sync recursive _channel\.js$] ./app/javascript/channels sync _channel\.js$ 160 bytes {application} [built]
[./app/javascript/channels/index.js] 211 bytes {application} [built]
[./app/javascript/packs/application.js] 492 bytes {application} [built]
[./node_modules/webpack/buildin/module.js] (webpack)/buildin/module.js 552 bytes {application} [built]
    + 3 hidden modules

  Rendered layout layouts/application.html.erb (Duration: 9541.6ms | Allocations: 13967)
Completed 200 OK in 9556ms (Views: 9551.6ms | ActiveRecord: 0.0ms | Allocations: 15183)


